<?xml version="1.0" encoding="UTF-8"?>
<!-- Generated by org.testng.reporters.JUnitXMLReporter -->
<testsuite hostname="USER-PC" name="Default test" tests="8" failures="0" timestamp="9 Apr 2017 03:32:31 GMT" time="15.338" errors="0">
  <testcase name="clickRegisterLink" time="0.731" classname="TestClass.TestPriority"/>
  <testcase name="fillRegistration" time="1.729" classname="TestClass.TestPriority"/>
  <testcase name="clickSignOnLink" time="0.773" classname="TestClass.TestPriority"/>
  <testcase name="enterSignOnDetails" time="2.026" classname="TestClass.TestPriority"/>
  <testcase name="selectTripType" time="0.444" classname="TestClass.TestPriority"/>
  <testcase name="selectPassengers" time="0.596" classname="TestClass.TestPriority"/>
  <testcase name="selectServiceClass" time="0.265" classname="TestClass.TestPriority"/>
  <testcase name="selectFromMonth" time="0.295" classname="TestClass.TestPriority"/>
</testsuite> <!-- Default test -->
